<?xml version="1.0" encoding="UTF-8"?>
<testsuite name="pt.up.fe.ldts.example1.OrderTest" tests="2" skipped="0" failures="0" errors="0" timestamp="2021-12-10T16:33:09" hostname="DESKTOP-F2KKRUC" time="0.038">
  <properties/>
  <testcase name="printOrder()" classname="pt.up.fe.ldts.example1.OrderTest" time="0.034"/>
  <testcase name="isElegibleForFreeDelivery()" classname="pt.up.fe.ldts.example1.OrderTest" time="0.002"/>
  <system-out><![CDATA[]]></system-out>
  <system-err><![CDATA[]]></system-err>
</testsuite>
