<?xml version="1.0" encoding="UTF-8"?>
<testsuite name="pt.up.fe.ldts.example3.SimpleOrderTest" tests="3" skipped="0" failures="0" errors="0" timestamp="2021-12-10T16:33:09" hostname="DESKTOP-F2KKRUC" time="0.001">
  <properties/>
  <testcase name="testFixedDiscount()" classname="pt.up.fe.ldts.example3.SimpleOrderTest" time="0.0"/>
  <testcase name="testPercentageDiscount()" classname="pt.up.fe.ldts.example3.SimpleOrderTest" time="0.0"/>
  <testcase name="testNoDiscount()" classname="pt.up.fe.ldts.example3.SimpleOrderTest" time="0.0"/>
  <system-out><![CDATA[]]></system-out>
  <system-err><![CDATA[]]></system-err>
</testsuite>
