<?xml version="1.0" encoding="UTF-8"?>
<testsuite name="pt.up.fe.ldts.example1.OrderSpockTest" tests="3" skipped="0" failures="0" errors="0" timestamp="2021-12-10T16:33:07" hostname="DESKTOP-F2KKRUC" time="0.613">
  <properties/>
  <testcase name="Is Elegible For Free Delivery (Small)" classname="pt.up.fe.ldts.example1.OrderSpockTest" time="0.565"/>
  <testcase name="Is Elegible For Free Delivery (Large)" classname="pt.up.fe.ldts.example1.OrderSpockTest" time="0.001"/>
  <testcase name="Print Order" classname="pt.up.fe.ldts.example1.OrderSpockTest" time="0.046"/>
  <system-out><![CDATA[]]></system-out>
  <system-err><![CDATA[]]></system-err>
</testsuite>
